Error : java_cup.runtime.Symbol "feature" has not been declared
Error: Syntax error @ Symbol: COLON_COLON_EQUALS (unknown:241/8 - unknown:241/11)
Error : Illegal use of reserved word
Error: Syntax error @ Symbol: BAR (unknown:275/1 - unknown:275/2)
Error : Syntax Error
===== Terminals =====
[0]EOF [1]error [2]CLASS [3]ELSE [4]FI 
[5]IF [6]IN [7]INHERITS [8]LET [9]LET_STMT 
[10]LOOP [11]POOL [12]THEN [13]WHILE [14]CASE 
[15]ESAC [16]OF [17]DARROW [18]NEW [19]ISVOID 
[20]ASSIGN [21]NOT [22]LE [23]ERROR [24]PLUS 
[25]DIV [26]MINUS [27]MULT [28]EQ [29]LT 
[30]DOT [31]NEG [32]COMMA [33]SEMI [34]COLON 
[35]LPAREN [36]RPAREN [37]AT [38]LBRACE [39]RBRACE 
[40]STR_CONST [41]INT_CONST [42]BOOL_CONST [43]TYPEID [44]OBJECTID 


===== Non terminals =====
[0]program [1]class_list [2]class_cc [3]optional_feature_list [4]expr 
[5]actuals [6]exp_list 

===== Productions =====
[0] program ::= class_list 
[1] $START ::= program EOF 
[2] program ::= error 
[3] class_list ::= class_cc 
[4] class_list ::= class_list class_cc 
[5] class_cc ::= CLASS TYPEID LBRACE optional_feature_list RBRACE SEMI 
[6] class_cc ::= CLASS TYPEID INHERITS TYPEID LBRACE optional_feature_list RBRACE SEMI 
[7] class_cc ::= error 
[8] optional_feature_list ::= SEMI 
[9] optional_feature_list ::= optional_feature_list SEMI 
[10] optional_feature_list ::= 
[11] expr ::= OBJECTID ASSIGN expr 
[12] expr ::= expr AT TYPEID DOT OBJECTID LPAREN actuals RPAREN 
[13] expr ::= expr DOT OBJECTID LPAREN actuals RPAREN 
[14] expr ::= IF expr THEN expr ELSE expr FI 
[15] expr ::= WHILE expr LOOP expr POOL 
[16] expr ::= LBRACE RBRACE 
[17] expr ::= CASE expr OF ESAC 
[18] expr ::= LET 
[19] expr ::= NEW TYPEID 
[20] expr ::= expr PLUS expr 
[21] expr ::= expr MINUS expr 
[22] expr ::= expr MULT expr 
[23] expr ::= expr DIV expr 
[24] expr ::= NEG expr 
[25] expr ::= expr LT expr 
[26] expr ::= expr EQ expr 
[27] expr ::= expr LE expr 
[28] expr ::= NOT expr 
[29] expr ::= LPAREN expr RPAREN 
[30] expr ::= INT_CONST expr PLUS expr 
[31] expr ::= expr MINUS expr 
[32] expr ::= expr MULT expr 
[33] expr ::= expr DIV expr 
[34] expr ::= NEG expr 
[35] expr ::= expr LT expr 
[36] expr ::= expr EQ expr 
[37] expr ::= expr LE expr 
[38] expr ::= NOT expr 
[39] expr ::= LPAREN expr RPAREN 
[40] expr ::= INT_CONST 
[41] expr ::= STR_CONST 
[42] expr ::= BOOL_CONST 
[43] expr ::= OBJECTID 
[44] expr ::= OBJECTID actuals 

===== Viable Prefix Recognizer =====
null
null
------- CUP v0.11b 20150326 (SVN rev 63) Parser Generation Summary -------
  5 errors and 0 warnings
  45 terminals, 7 non-terminals, and 45 productions declared, 
  producing 0 unique parse states.
  0 terminals declared but not used.
  0 non-terminals declared but not used.
  0 productions never reduced.
  0 conflicts detected (10000 expected).
  No code produced.
---------------------------------------------------- (CUP v0.11b 20150326 (SVN rev 63))
